{
  "lib/api/problem.ts": {
    "path": "lib/api/problem.ts",
    "all": false,
    "statementMap": {
      "0": {
        "start": {
          "line": 1,
          "column": 0
        },
        "end": {
          "line": 1,
          "column": 60
        }
      },
      "1": {
        "start": {
          "line": 2,
          "column": 0
        },
        "end": {
          "line": 2,
          "column": 0
        }
      },
      "2": {
        "start": {
          "line": 3,
          "column": 0
        },
        "end": {
          "line": 3,
          "column": 48
        }
      },
      "3": {
        "start": {
          "line": 4,
          "column": 0
        },
        "end": {
          "line": 4,
          "column": 0
        }
      },
      "4": {
        "start": {
          "line": 5,
          "column": 0
        },
        "end": {
          "line": 5,
          "column": 81
        }
      },
      "5": {
        "start": {
          "line": 6,
          "column": 0
        },
        "end": {
          "line": 6,
          "column": 85
        }
      },
      "6": {
        "start": {
          "line": 7,
          "column": 0
        },
        "end": {
          "line": 7,
          "column": 32
        }
      },
      "7": {
        "start": {
          "line": 8,
          "column": 0
        },
        "end": {
          "line": 8,
          "column": 19
        }
      },
      "8": {
        "start": {
          "line": 9,
          "column": 0
        },
        "end": {
          "line": 9,
          "column": 28
        }
      },
      "9": {
        "start": {
          "line": 10,
          "column": 0
        },
        "end": {
          "line": 10,
          "column": 13
        }
      },
      "10": {
        "start": {
          "line": 11,
          "column": 0
        },
        "end": {
          "line": 11,
          "column": 47
        }
      },
      "11": {
        "start": {
          "line": 12,
          "column": 0
        },
        "end": {
          "line": 12,
          "column": 66
        }
      },
      "12": {
        "start": {
          "line": 13,
          "column": 0
        },
        "end": {
          "line": 13,
          "column": 0
        }
      },
      "13": {
        "start": {
          "line": 14,
          "column": 0
        },
        "end": {
          "line": 14,
          "column": 48
        }
      },
      "14": {
        "start": {
          "line": 15,
          "column": 0
        },
        "end": {
          "line": 15,
          "column": 27
        }
      },
      "15": {
        "start": {
          "line": 16,
          "column": 0
        },
        "end": {
          "line": 16,
          "column": 29
        }
      },
      "16": {
        "start": {
          "line": 17,
          "column": 0
        },
        "end": {
          "line": 17,
          "column": 5
        }
      },
      "17": {
        "start": {
          "line": 18,
          "column": 0
        },
        "end": {
          "line": 18,
          "column": 1
        }
      },
      "18": {
        "start": {
          "line": 19,
          "column": 0
        },
        "end": {
          "line": 19,
          "column": 0
        }
      },
      "19": {
        "start": {
          "line": 20,
          "column": 0
        },
        "end": {
          "line": 20,
          "column": 85
        }
      },
      "20": {
        "start": {
          "line": 21,
          "column": 0
        },
        "end": {
          "line": 21,
          "column": 83
        }
      },
      "21": {
        "start": {
          "line": 22,
          "column": 0
        },
        "end": {
          "line": 22,
          "column": 89
        }
      },
      "22": {
        "start": {
          "line": 23,
          "column": 0
        },
        "end": {
          "line": 23,
          "column": 28
        }
      },
      "23": {
        "start": {
          "line": 24,
          "column": 0
        },
        "end": {
          "line": 24,
          "column": 25
        }
      },
      "24": {
        "start": {
          "line": 25,
          "column": 0
        },
        "end": {
          "line": 25,
          "column": 78
        }
      },
      "25": {
        "start": {
          "line": 26,
          "column": 0
        },
        "end": {
          "line": 26,
          "column": 17
        }
      },
      "26": {
        "start": {
          "line": 27,
          "column": 0
        },
        "end": {
          "line": 27,
          "column": 24
        }
      },
      "27": {
        "start": {
          "line": 28,
          "column": 0
        },
        "end": {
          "line": 28,
          "column": 37
        }
      },
      "28": {
        "start": {
          "line": 29,
          "column": 0
        },
        "end": {
          "line": 29,
          "column": 16
        }
      },
      "29": {
        "start": {
          "line": 30,
          "column": 0
        },
        "end": {
          "line": 30,
          "column": 4
        }
      },
      "30": {
        "start": {
          "line": 31,
          "column": 0
        },
        "end": {
          "line": 31,
          "column": 70
        }
      },
      "31": {
        "start": {
          "line": 32,
          "column": 0
        },
        "end": {
          "line": 32,
          "column": 68
        }
      },
      "32": {
        "start": {
          "line": 33,
          "column": 0
        },
        "end": {
          "line": 33,
          "column": 20
        }
      },
      "33": {
        "start": {
          "line": 34,
          "column": 0
        },
        "end": {
          "line": 34,
          "column": 24
        }
      },
      "34": {
        "start": {
          "line": 35,
          "column": 0
        },
        "end": {
          "line": 35,
          "column": 39
        }
      },
      "35": {
        "start": {
          "line": 36,
          "column": 0
        },
        "end": {
          "line": 36,
          "column": 16
        }
      },
      "36": {
        "start": {
          "line": 37,
          "column": 0
        },
        "end": {
          "line": 37,
          "column": 4
        }
      },
      "37": {
        "start": {
          "line": 38,
          "column": 0
        },
        "end": {
          "line": 38,
          "column": 16
        }
      },
      "38": {
        "start": {
          "line": 39,
          "column": 0
        },
        "end": {
          "line": 39,
          "column": 24
        }
      },
      "39": {
        "start": {
          "line": 40,
          "column": 0
        },
        "end": {
          "line": 40,
          "column": 31
        }
      },
      "40": {
        "start": {
          "line": 41,
          "column": 0
        },
        "end": {
          "line": 41,
          "column": 16
        }
      },
      "41": {
        "start": {
          "line": 42,
          "column": 0
        },
        "end": {
          "line": 42,
          "column": 4
        }
      },
      "42": {
        "start": {
          "line": 43,
          "column": 0
        },
        "end": {
          "line": 43,
          "column": 11
        }
      },
      "43": {
        "start": {
          "line": 44,
          "column": 0
        },
        "end": {
          "line": 44,
          "column": 0
        }
      },
      "44": {
        "start": {
          "line": 45,
          "column": 0
        },
        "end": {
          "line": 45,
          "column": 43
        }
      },
      "45": {
        "start": {
          "line": 46,
          "column": 0
        },
        "end": {
          "line": 46,
          "column": 23
        }
      },
      "46": {
        "start": {
          "line": 47,
          "column": 0
        },
        "end": {
          "line": 47,
          "column": 19
        }
      },
      "47": {
        "start": {
          "line": 48,
          "column": 0
        },
        "end": {
          "line": 48,
          "column": 13
        }
      },
      "48": {
        "start": {
          "line": 49,
          "column": 0
        },
        "end": {
          "line": 49,
          "column": 26
        }
      },
      "49": {
        "start": {
          "line": 50,
          "column": 0
        },
        "end": {
          "line": 50,
          "column": 32
        }
      },
      "50": {
        "start": {
          "line": 51,
          "column": 0
        },
        "end": {
          "line": 51,
          "column": 75
        }
      },
      "51": {
        "start": {
          "line": 52,
          "column": 0
        },
        "end": {
          "line": 52,
          "column": 13
        }
      },
      "52": {
        "start": {
          "line": 53,
          "column": 0
        },
        "end": {
          "line": 53,
          "column": 5
        }
      },
      "53": {
        "start": {
          "line": 54,
          "column": 0
        },
        "end": {
          "line": 54,
          "column": 1
        }
      },
      "54": {
        "start": {
          "line": 55,
          "column": 0
        },
        "end": {
          "line": 55,
          "column": 0
        }
      },
      "55": {
        "start": {
          "line": 56,
          "column": 0
        },
        "end": {
          "line": 56,
          "column": 80
        }
      },
      "56": {
        "start": {
          "line": 57,
          "column": 0
        },
        "end": {
          "line": 57,
          "column": 83
        }
      },
      "57": {
        "start": {
          "line": 58,
          "column": 0
        },
        "end": {
          "line": 58,
          "column": 82
        }
      },
      "58": {
        "start": {
          "line": 59,
          "column": 0
        },
        "end": {
          "line": 59,
          "column": 76
        }
      },
      "59": {
        "start": {
          "line": 60,
          "column": 0
        },
        "end": {
          "line": 60,
          "column": 66
        }
      },
      "60": {
        "start": {
          "line": 61,
          "column": 0
        },
        "end": {
          "line": 61,
          "column": 25
        }
      },
      "61": {
        "start": {
          "line": 62,
          "column": 0
        },
        "end": {
          "line": 62,
          "column": 50
        }
      },
      "62": {
        "start": {
          "line": 63,
          "column": 0
        },
        "end": {
          "line": 63,
          "column": 37
        }
      },
      "63": {
        "start": {
          "line": 64,
          "column": 0
        },
        "end": {
          "line": 64,
          "column": 4
        }
      },
      "64": {
        "start": {
          "line": 65,
          "column": 0
        },
        "end": {
          "line": 65,
          "column": 1
        }
      },
      "65": {
        "start": {
          "line": 66,
          "column": 0
        },
        "end": {
          "line": 66,
          "column": 0
        }
      },
      "66": {
        "start": {
          "line": 67,
          "column": 0
        },
        "end": {
          "line": 67,
          "column": 63
        }
      },
      "67": {
        "start": {
          "line": 68,
          "column": 0
        },
        "end": {
          "line": 68,
          "column": 69
        }
      },
      "68": {
        "start": {
          "line": 69,
          "column": 0
        },
        "end": {
          "line": 69,
          "column": 1
        }
      },
      "69": {
        "start": {
          "line": 70,
          "column": 0
        },
        "end": {
          "line": 70,
          "column": 0
        }
      },
      "70": {
        "start": {
          "line": 71,
          "column": 0
        },
        "end": {
          "line": 71,
          "column": 42
        }
      },
      "71": {
        "start": {
          "line": 72,
          "column": 0
        },
        "end": {
          "line": 72,
          "column": 22
        }
      },
      "72": {
        "start": {
          "line": 73,
          "column": 0
        },
        "end": {
          "line": 73,
          "column": 19
        }
      },
      "73": {
        "start": {
          "line": 74,
          "column": 0
        },
        "end": {
          "line": 74,
          "column": 13
        }
      },
      "74": {
        "start": {
          "line": 75,
          "column": 0
        },
        "end": {
          "line": 75,
          "column": 26
        }
      },
      "75": {
        "start": {
          "line": 76,
          "column": 0
        },
        "end": {
          "line": 76,
          "column": 32
        }
      },
      "76": {
        "start": {
          "line": 77,
          "column": 0
        },
        "end": {
          "line": 77,
          "column": 84
        }
      },
      "77": {
        "start": {
          "line": 78,
          "column": 0
        },
        "end": {
          "line": 78,
          "column": 13
        }
      },
      "78": {
        "start": {
          "line": 79,
          "column": 0
        },
        "end": {
          "line": 79,
          "column": 5
        }
      },
      "79": {
        "start": {
          "line": 80,
          "column": 0
        },
        "end": {
          "line": 80,
          "column": 1
        }
      },
      "80": {
        "start": {
          "line": 81,
          "column": 0
        },
        "end": {
          "line": 81,
          "column": 0
        }
      },
      "81": {
        "start": {
          "line": 82,
          "column": 0
        },
        "end": {
          "line": 82,
          "column": 78
        }
      },
      "82": {
        "start": {
          "line": 83,
          "column": 0
        },
        "end": {
          "line": 83,
          "column": 76
        }
      },
      "83": {
        "start": {
          "line": 84,
          "column": 0
        },
        "end": {
          "line": 84,
          "column": 1
        }
      },
      "84": {
        "start": {
          "line": 85,
          "column": 0
        },
        "end": {
          "line": 85,
          "column": 0
        }
      },
      "85": {
        "start": {
          "line": 86,
          "column": 0
        },
        "end": {
          "line": 86,
          "column": 40
        }
      },
      "86": {
        "start": {
          "line": 87,
          "column": 0
        },
        "end": {
          "line": 87,
          "column": 19
        }
      },
      "87": {
        "start": {
          "line": 88,
          "column": 0
        },
        "end": {
          "line": 88,
          "column": 17
        }
      },
      "88": {
        "start": {
          "line": 89,
          "column": 0
        },
        "end": {
          "line": 89,
          "column": 13
        }
      },
      "89": {
        "start": {
          "line": 90,
          "column": 0
        },
        "end": {
          "line": 90,
          "column": 26
        }
      },
      "90": {
        "start": {
          "line": 91,
          "column": 0
        },
        "end": {
          "line": 91,
          "column": 39
        }
      },
      "91": {
        "start": {
          "line": 92,
          "column": 0
        },
        "end": {
          "line": 92,
          "column": 11
        }
      },
      "92": {
        "start": {
          "line": 93,
          "column": 0
        },
        "end": {
          "line": 93,
          "column": 13
        }
      },
      "93": {
        "start": {
          "line": 94,
          "column": 0
        },
        "end": {
          "line": 94,
          "column": 5
        }
      },
      "94": {
        "start": {
          "line": 95,
          "column": 0
        },
        "end": {
          "line": 95,
          "column": 1
        }
      },
      "95": {
        "start": {
          "line": 96,
          "column": 0
        },
        "end": {
          "line": 96,
          "column": 0
        }
      },
      "96": {
        "start": {
          "line": 97,
          "column": 0
        },
        "end": {
          "line": 97,
          "column": 87
        }
      },
      "97": {
        "start": {
          "line": 98,
          "column": 0
        },
        "end": {
          "line": 98,
          "column": 88
        }
      },
      "98": {
        "start": {
          "line": 99,
          "column": 0
        },
        "end": {
          "line": 99,
          "column": 78
        }
      },
      "99": {
        "start": {
          "line": 100,
          "column": 0
        },
        "end": {
          "line": 100,
          "column": 36
        }
      },
      "100": {
        "start": {
          "line": 101,
          "column": 0
        },
        "end": {
          "line": 101,
          "column": 19
        }
      },
      "101": {
        "start": {
          "line": 102,
          "column": 0
        },
        "end": {
          "line": 102,
          "column": 17
        }
      },
      "102": {
        "start": {
          "line": 103,
          "column": 0
        },
        "end": {
          "line": 103,
          "column": 28
        }
      },
      "103": {
        "start": {
          "line": 104,
          "column": 0
        },
        "end": {
          "line": 104,
          "column": 13
        }
      },
      "104": {
        "start": {
          "line": 105,
          "column": 0
        },
        "end": {
          "line": 105,
          "column": 63
        }
      },
      "105": {
        "start": {
          "line": 106,
          "column": 0
        },
        "end": {
          "line": 106,
          "column": 25
        }
      },
      "106": {
        "start": {
          "line": 107,
          "column": 0
        },
        "end": {
          "line": 107,
          "column": 57
        }
      },
      "107": {
        "start": {
          "line": 108,
          "column": 0
        },
        "end": {
          "line": 108,
          "column": 42
        }
      },
      "108": {
        "start": {
          "line": 109,
          "column": 0
        },
        "end": {
          "line": 109,
          "column": 4
        }
      },
      "109": {
        "start": {
          "line": 110,
          "column": 0
        },
        "end": {
          "line": 110,
          "column": 1
        }
      }
    },
    "s": {
      "0": 1,
      "1": 1,
      "2": 1,
      "3": 1,
      "4": 1,
      "5": 1,
      "6": 1,
      "7": 3,
      "8": 3,
      "9": 3,
      "10": 3,
      "11": 3,
      "12": 3,
      "13": 3,
      "14": 3,
      "15": 3,
      "16": 3,
      "17": 3,
      "18": 1,
      "19": 1,
      "20": 1,
      "21": 1,
      "22": 1,
      "23": 1,
      "24": 1,
      "25": 1,
      "26": 1,
      "27": 1,
      "28": 1,
      "29": 1,
      "30": 1,
      "31": 1,
      "32": 1,
      "33": 1,
      "34": 1,
      "35": 1,
      "36": 1,
      "37": 1,
      "38": 1,
      "39": 1,
      "40": 1,
      "41": 1,
      "42": 1,
      "43": 1,
      "44": 1,
      "45": 0,
      "46": 0,
      "47": 0,
      "48": 0,
      "49": 0,
      "50": 0,
      "51": 0,
      "52": 0,
      "53": 0,
      "54": 1,
      "55": 1,
      "56": 1,
      "57": 1,
      "58": 1,
      "59": 1,
      "60": 0,
      "61": 0,
      "62": 0,
      "63": 0,
      "64": 0,
      "65": 1,
      "66": 1,
      "67": 0,
      "68": 0,
      "69": 1,
      "70": 1,
      "71": 0,
      "72": 0,
      "73": 0,
      "74": 0,
      "75": 0,
      "76": 0,
      "77": 0,
      "78": 0,
      "79": 0,
      "80": 1,
      "81": 1,
      "82": 0,
      "83": 0,
      "84": 1,
      "85": 1,
      "86": 0,
      "87": 0,
      "88": 0,
      "89": 0,
      "90": 0,
      "91": 0,
      "92": 0,
      "93": 0,
      "94": 0,
      "95": 1,
      "96": 1,
      "97": 1,
      "98": 1,
      "99": 1,
      "100": 3,
      "101": 3,
      "102": 3,
      "103": 3,
      "104": 3,
      "105": 3,
      "106": 3,
      "107": 3,
      "108": 3,
      "109": 3
    },
    "branchMap": {
      "0": {
        "type": "branch",
        "line": 1,
        "loc": {
          "start": {
            "line": 1,
            "column": 0
          },
          "end": {
            "line": 110,
            "column": 1
          }
        },
        "locations": [
          {
            "start": {
              "line": 1,
              "column": 0
            },
            "end": {
              "line": 110,
              "column": 1
            }
          }
        ]
      },
      "1": {
        "type": "branch",
        "line": 7,
        "loc": {
          "start": {
            "line": 7,
            "column": 7
          },
          "end": {
            "line": 18,
            "column": 1
          }
        },
        "locations": [
          {
            "start": {
              "line": 7,
              "column": 7
            },
            "end": {
              "line": 18,
              "column": 1
            }
          }
        ]
      },
      "2": {
        "type": "branch",
        "line": 100,
        "loc": {
          "start": {
            "line": 100,
            "column": 7
          },
          "end": {
            "line": 110,
            "column": 1
          }
        },
        "locations": [
          {
            "start": {
              "line": 100,
              "column": 7
            },
            "end": {
              "line": 110,
              "column": 1
            }
          }
        ]
      }
    },
    "b": {
      "0": [
        1
      ],
      "1": [
        3
      ],
      "2": [
        3
      ]
    },
    "fnMap": {
      "0": {
        "name": "problemResponse",
        "decl": {
          "start": {
            "line": 7,
            "column": 7
          },
          "end": {
            "line": 18,
            "column": 1
          }
        },
        "loc": {
          "start": {
            "line": 7,
            "column": 7
          },
          "end": {
            "line": 18,
            "column": 1
          }
        },
        "line": 7
      },
      "1": {
        "name": "mockRecallNotFoundResponse",
        "decl": {
          "start": {
            "line": 45,
            "column": 7
          },
          "end": {
            "line": 54,
            "column": 1
          }
        },
        "loc": {
          "start": {
            "line": 45,
            "column": 7
          },
          "end": {
            "line": 54,
            "column": 1
          }
        },
        "line": 45
      },
      "2": {
        "name": "unauthorizedResponse",
        "decl": {
          "start": {
            "line": 60,
            "column": 7
          },
          "end": {
            "line": 65,
            "column": 1
          }
        },
        "loc": {
          "start": {
            "line": 60,
            "column": 7
          },
          "end": {
            "line": 65,
            "column": 1
          }
        },
        "line": 60
      },
      "3": {
        "name": "forbiddenResponse",
        "decl": {
          "start": {
            "line": 67,
            "column": 7
          },
          "end": {
            "line": 69,
            "column": 1
          }
        },
        "loc": {
          "start": {
            "line": 67,
            "column": 7
          },
          "end": {
            "line": 69,
            "column": 1
          }
        },
        "line": 67
      },
      "4": {
        "name": "exceptionNotFoundResponse",
        "decl": {
          "start": {
            "line": 71,
            "column": 7
          },
          "end": {
            "line": 80,
            "column": 1
          }
        },
        "loc": {
          "start": {
            "line": 71,
            "column": 7
          },
          "end": {
            "line": 80,
            "column": 1
          }
        },
        "line": 71
      },
      "5": {
        "name": "conflictResponse",
        "decl": {
          "start": {
            "line": 82,
            "column": 7
          },
          "end": {
            "line": 84,
            "column": 1
          }
        },
        "loc": {
          "start": {
            "line": 82,
            "column": 7
          },
          "end": {
            "line": 84,
            "column": 1
          }
        },
        "line": 82
      },
      "6": {
        "name": "validationErrorResponse",
        "decl": {
          "start": {
            "line": 86,
            "column": 7
          },
          "end": {
            "line": 95,
            "column": 1
          }
        },
        "loc": {
          "start": {
            "line": 86,
            "column": 7
          },
          "end": {
            "line": 95,
            "column": 1
          }
        },
        "line": 86
      },
      "7": {
        "name": "rateLimitedResponse",
        "decl": {
          "start": {
            "line": 100,
            "column": 7
          },
          "end": {
            "line": 110,
            "column": 1
          }
        },
        "loc": {
          "start": {
            "line": 100,
            "column": 7
          },
          "end": {
            "line": 110,
            "column": 1
          }
        },
        "line": 100
      }
    },
    "f": {
      "0": 3,
      "1": 0,
      "2": 0,
      "3": 0,
      "4": 0,
      "5": 0,
      "6": 0,
      "7": 3
    }
  },
  "lib/db/exception-review-provider.ts": {
    "path": "lib/db/exception-review-provider.ts",
    "all": false,
    "statementMap": {
      "0": {
        "start": {
          "line": 1,
          "column": 0
        },
        "end": {
          "line": 1,
          "column": 41
        }
      },
      "1": {
        "start": {
          "line": 2,
          "column": 0
        },
        "end": {
          "line": 2,
          "column": 0
        }
      },
      "2": {
        "start": {
          "line": 3,
          "column": 0
        },
        "end": {
          "line": 3,
          "column": 72
        }
      },
      "3": {
        "start": {
          "line": 4,
          "column": 0
        },
        "end": {
          "line": 4,
          "column": 0
        }
      },
      "4": {
        "start": {
          "line": 5,
          "column": 0
        },
        "end": {
          "line": 5,
          "column": 62
        }
      },
      "5": {
        "start": {
          "line": 6,
          "column": 0
        },
        "end": {
          "line": 6,
          "column": 61
        }
      },
      "6": {
        "start": {
          "line": 7,
          "column": 0
        },
        "end": {
          "line": 7,
          "column": 0
        }
      },
      "7": {
        "start": {
          "line": 8,
          "column": 0
        },
        "end": {
          "line": 8,
          "column": 68
        }
      },
      "8": {
        "start": {
          "line": 9,
          "column": 0
        },
        "end": {
          "line": 9,
          "column": 77
        }
      },
      "9": {
        "start": {
          "line": 10,
          "column": 0
        },
        "end": {
          "line": 10,
          "column": 0
        }
      },
      "10": {
        "start": {
          "line": 11,
          "column": 0
        },
        "end": {
          "line": 11,
          "column": 48
        }
      },
      "11": {
        "start": {
          "line": 12,
          "column": 0
        },
        "end": {
          "line": 12,
          "column": 37
        }
      },
      "12": {
        "start": {
          "line": 13,
          "column": 0
        },
        "end": {
          "line": 13,
          "column": 39
        }
      },
      "13": {
        "start": {
          "line": 14,
          "column": 0
        },
        "end": {
          "line": 14,
          "column": 49
        }
      },
      "14": {
        "start": {
          "line": 15,
          "column": 0
        },
        "end": {
          "line": 15,
          "column": 72
        }
      },
      "15": {
        "start": {
          "line": 16,
          "column": 0
        },
        "end": {
          "line": 16,
          "column": 41
        }
      },
      "16": {
        "start": {
          "line": 17,
          "column": 0
        },
        "end": {
          "line": 17,
          "column": 17
        }
      },
      "17": {
        "start": {
          "line": 18,
          "column": 0
        },
        "end": {
          "line": 18,
          "column": 13
        }
      },
      "18": {
        "start": {
          "line": 19,
          "column": 0
        },
        "end": {
          "line": 19,
          "column": 16
        }
      },
      "19": {
        "start": {
          "line": 20,
          "column": 0
        },
        "end": {
          "line": 20,
          "column": 17
        }
      },
      "20": {
        "start": {
          "line": 21,
          "column": 0
        },
        "end": {
          "line": 21,
          "column": 3
        }
      },
      "21": {
        "start": {
          "line": 22,
          "column": 0
        },
        "end": {
          "line": 22,
          "column": 0
        }
      },
      "22": {
        "start": {
          "line": 23,
          "column": 0
        },
        "end": {
          "line": 23,
          "column": 75
        }
      },
      "23": {
        "start": {
          "line": 24,
          "column": 0
        },
        "end": {
          "line": 24,
          "column": 77
        }
      },
      "24": {
        "start": {
          "line": 25,
          "column": 0
        },
        "end": {
          "line": 25,
          "column": 35
        }
      },
      "25": {
        "start": {
          "line": 26,
          "column": 0
        },
        "end": {
          "line": 26,
          "column": 25
        }
      },
      "26": {
        "start": {
          "line": 27,
          "column": 0
        },
        "end": {
          "line": 27,
          "column": 22
        }
      },
      "27": {
        "start": {
          "line": 28,
          "column": 0
        },
        "end": {
          "line": 28,
          "column": 26
        }
      },
      "28": {
        "start": {
          "line": 29,
          "column": 0
        },
        "end": {
          "line": 29,
          "column": 30
        }
      },
      "29": {
        "start": {
          "line": 30,
          "column": 0
        },
        "end": {
          "line": 30,
          "column": 24
        }
      },
      "30": {
        "start": {
          "line": 31,
          "column": 0
        },
        "end": {
          "line": 31,
          "column": 12
        }
      },
      "31": {
        "start": {
          "line": 32,
          "column": 0
        },
        "end": {
          "line": 32,
          "column": 0
        }
      },
      "32": {
        "start": {
          "line": 33,
          "column": 0
        },
        "end": {
          "line": 33,
          "column": 35
        }
      },
      "33": {
        "start": {
          "line": 34,
          "column": 0
        },
        "end": {
          "line": 34,
          "column": 51
        }
      },
      "34": {
        "start": {
          "line": 35,
          "column": 0
        },
        "end": {
          "line": 35,
          "column": 17
        }
      },
      "35": {
        "start": {
          "line": 36,
          "column": 0
        },
        "end": {
          "line": 36,
          "column": 32
        }
      },
      "36": {
        "start": {
          "line": 37,
          "column": 0
        },
        "end": {
          "line": 37,
          "column": 29
        }
      },
      "37": {
        "start": {
          "line": 38,
          "column": 0
        },
        "end": {
          "line": 38,
          "column": 1
        }
      },
      "38": {
        "start": {
          "line": 39,
          "column": 0
        },
        "end": {
          "line": 39,
          "column": 0
        }
      },
      "39": {
        "start": {
          "line": 40,
          "column": 0
        },
        "end": {
          "line": 40,
          "column": 35
        }
      },
      "40": {
        "start": {
          "line": 41,
          "column": 0
        },
        "end": {
          "line": 41,
          "column": 19
        }
      },
      "41": {
        "start": {
          "line": 42,
          "column": 0
        },
        "end": {
          "line": 42,
          "column": 24
        }
      },
      "42": {
        "start": {
          "line": 43,
          "column": 0
        },
        "end": {
          "line": 43,
          "column": 19
        }
      },
      "43": {
        "start": {
          "line": 44,
          "column": 0
        },
        "end": {
          "line": 44,
          "column": 1
        }
      },
      "44": {
        "start": {
          "line": 45,
          "column": 0
        },
        "end": {
          "line": 45,
          "column": 0
        }
      },
      "45": {
        "start": {
          "line": 46,
          "column": 0
        },
        "end": {
          "line": 46,
          "column": 42
        }
      },
      "46": {
        "start": {
          "line": 47,
          "column": 0
        },
        "end": {
          "line": 47,
          "column": 13
        }
      },
      "47": {
        "start": {
          "line": 48,
          "column": 0
        },
        "end": {
          "line": 48,
          "column": 15
        }
      },
      "48": {
        "start": {
          "line": 49,
          "column": 0
        },
        "end": {
          "line": 49,
          "column": 26
        }
      },
      "49": {
        "start": {
          "line": 50,
          "column": 0
        },
        "end": {
          "line": 50,
          "column": 18
        }
      },
      "50": {
        "start": {
          "line": 51,
          "column": 0
        },
        "end": {
          "line": 51,
          "column": 20
        }
      },
      "51": {
        "start": {
          "line": 52,
          "column": 0
        },
        "end": {
          "line": 52,
          "column": 19
        }
      },
      "52": {
        "start": {
          "line": 53,
          "column": 0
        },
        "end": {
          "line": 53,
          "column": 47
        }
      },
      "53": {
        "start": {
          "line": 54,
          "column": 0
        },
        "end": {
          "line": 54,
          "column": 33
        }
      },
      "54": {
        "start": {
          "line": 55,
          "column": 0
        },
        "end": {
          "line": 55,
          "column": 31
        }
      },
      "55": {
        "start": {
          "line": 56,
          "column": 0
        },
        "end": {
          "line": 56,
          "column": 38
        }
      },
      "56": {
        "start": {
          "line": 57,
          "column": 0
        },
        "end": {
          "line": 57,
          "column": 1
        }
      },
      "57": {
        "start": {
          "line": 58,
          "column": 0
        },
        "end": {
          "line": 58,
          "column": 0
        }
      },
      "58": {
        "start": {
          "line": 59,
          "column": 0
        },
        "end": {
          "line": 59,
          "column": 41
        }
      },
      "59": {
        "start": {
          "line": 60,
          "column": 0
        },
        "end": {
          "line": 60,
          "column": 27
        }
      },
      "60": {
        "start": {
          "line": 61,
          "column": 0
        },
        "end": {
          "line": 61,
          "column": 46
        }
      },
      "61": {
        "start": {
          "line": 62,
          "column": 0
        },
        "end": {
          "line": 62,
          "column": 30
        }
      },
      "62": {
        "start": {
          "line": 63,
          "column": 0
        },
        "end": {
          "line": 63,
          "column": 32
        }
      },
      "63": {
        "start": {
          "line": 64,
          "column": 0
        },
        "end": {
          "line": 64,
          "column": 1
        }
      },
      "64": {
        "start": {
          "line": 65,
          "column": 0
        },
        "end": {
          "line": 65,
          "column": 0
        }
      },
      "65": {
        "start": {
          "line": 66,
          "column": 0
        },
        "end": {
          "line": 66,
          "column": 49
        }
      },
      "66": {
        "start": {
          "line": 67,
          "column": 0
        },
        "end": {
          "line": 67,
          "column": 19
        }
      },
      "67": {
        "start": {
          "line": 68,
          "column": 0
        },
        "end": {
          "line": 68,
          "column": 29
        }
      },
      "68": {
        "start": {
          "line": 69,
          "column": 0
        },
        "end": {
          "line": 69,
          "column": 22
        }
      },
      "69": {
        "start": {
          "line": 70,
          "column": 0
        },
        "end": {
          "line": 70,
          "column": 25
        }
      },
      "70": {
        "start": {
          "line": 71,
          "column": 0
        },
        "end": {
          "line": 71,
          "column": 32
        }
      },
      "71": {
        "start": {
          "line": 72,
          "column": 0
        },
        "end": {
          "line": 72,
          "column": 17
        }
      },
      "72": {
        "start": {
          "line": 73,
          "column": 0
        },
        "end": {
          "line": 73,
          "column": 36
        }
      },
      "73": {
        "start": {
          "line": 74,
          "column": 0
        },
        "end": {
          "line": 74,
          "column": 13
        }
      },
      "74": {
        "start": {
          "line": 75,
          "column": 0
        },
        "end": {
          "line": 75,
          "column": 23
        }
      },
      "75": {
        "start": {
          "line": 76,
          "column": 0
        },
        "end": {
          "line": 76,
          "column": 28
        }
      },
      "76": {
        "start": {
          "line": 77,
          "column": 0
        },
        "end": {
          "line": 77,
          "column": 62
        }
      },
      "77": {
        "start": {
          "line": 78,
          "column": 0
        },
        "end": {
          "line": 78,
          "column": 89
        }
      },
      "78": {
        "start": {
          "line": 79,
          "column": 0
        },
        "end": {
          "line": 79,
          "column": 81
        }
      },
      "79": {
        "start": {
          "line": 80,
          "column": 0
        },
        "end": {
          "line": 80,
          "column": 24
        }
      },
      "80": {
        "start": {
          "line": 81,
          "column": 0
        },
        "end": {
          "line": 81,
          "column": 1
        }
      },
      "81": {
        "start": {
          "line": 82,
          "column": 0
        },
        "end": {
          "line": 82,
          "column": 0
        }
      },
      "82": {
        "start": {
          "line": 83,
          "column": 0
        },
        "end": {
          "line": 83,
          "column": 41
        }
      },
      "83": {
        "start": {
          "line": 84,
          "column": 0
        },
        "end": {
          "line": 84,
          "column": 22
        }
      },
      "84": {
        "start": {
          "line": 85,
          "column": 0
        },
        "end": {
          "line": 85,
          "column": 20
        }
      },
      "85": {
        "start": {
          "line": 86,
          "column": 0
        },
        "end": {
          "line": 86,
          "column": 14
        }
      },
      "86": {
        "start": {
          "line": 87,
          "column": 0
        },
        "end": {
          "line": 87,
          "column": 17
        }
      },
      "87": {
        "start": {
          "line": 88,
          "column": 0
        },
        "end": {
          "line": 88,
          "column": 12
        }
      },
      "88": {
        "start": {
          "line": 89,
          "column": 0
        },
        "end": {
          "line": 89,
          "column": 22
        }
      },
      "89": {
        "start": {
          "line": 90,
          "column": 0
        },
        "end": {
          "line": 90,
          "column": 26
        }
      },
      "90": {
        "start": {
          "line": 91,
          "column": 0
        },
        "end": {
          "line": 91,
          "column": 24
        }
      },
      "91": {
        "start": {
          "line": 92,
          "column": 0
        },
        "end": {
          "line": 92,
          "column": 28
        }
      },
      "92": {
        "start": {
          "line": 93,
          "column": 0
        },
        "end": {
          "line": 93,
          "column": 47
        }
      },
      "93": {
        "start": {
          "line": 94,
          "column": 0
        },
        "end": {
          "line": 94,
          "column": 4
        }
      },
      "94": {
        "start": {
          "line": 95,
          "column": 0
        },
        "end": {
          "line": 95,
          "column": 1
        }
      },
      "95": {
        "start": {
          "line": 96,
          "column": 0
        },
        "end": {
          "line": 96,
          "column": 0
        }
      },
      "96": {
        "start": {
          "line": 97,
          "column": 0
        },
        "end": {
          "line": 97,
          "column": 44
        }
      },
      "97": {
        "start": {
          "line": 98,
          "column": 0
        },
        "end": {
          "line": 98,
          "column": 5
        }
      },
      "98": {
        "start": {
          "line": 99,
          "column": 0
        },
        "end": {
          "line": 99,
          "column": 25
        }
      },
      "99": {
        "start": {
          "line": 100,
          "column": 0
        },
        "end": {
          "line": 100,
          "column": 38
        }
      },
      "100": {
        "start": {
          "line": 101,
          "column": 0
        },
        "end": {
          "line": 101,
          "column": 27
        }
      },
      "101": {
        "start": {
          "line": 102,
          "column": 0
        },
        "end": {
          "line": 102,
          "column": 34
        }
      },
      "102": {
        "start": {
          "line": 103,
          "column": 0
        },
        "end": {
          "line": 103,
          "column": 46
        }
      },
      "103": {
        "start": {
          "line": 104,
          "column": 0
        },
        "end": {
          "line": 104,
          "column": 5
        }
      },
      "104": {
        "start": {
          "line": 105,
          "column": 0
        },
        "end": {
          "line": 105,
          "column": 5
        }
      },
      "105": {
        "start": {
          "line": 106,
          "column": 0
        },
        "end": {
          "line": 106,
          "column": 25
        }
      },
      "106": {
        "start": {
          "line": 107,
          "column": 0
        },
        "end": {
          "line": 107,
          "column": 38
        }
      },
      "107": {
        "start": {
          "line": 108,
          "column": 0
        },
        "end": {
          "line": 108,
          "column": 34
        }
      },
      "108": {
        "start": {
          "line": 109,
          "column": 0
        },
        "end": {
          "line": 109,
          "column": 34
        }
      },
      "109": {
        "start": {
          "line": 110,
          "column": 0
        },
        "end": {
          "line": 110,
          "column": 5
        }
      },
      "110": {
        "start": {
          "line": 111,
          "column": 0
        },
        "end": {
          "line": 111,
          "column": 5
        }
      },
      "111": {
        "start": {
          "line": 112,
          "column": 0
        },
        "end": {
          "line": 112,
          "column": 25
        }
      },
      "112": {
        "start": {
          "line": 113,
          "column": 0
        },
        "end": {
          "line": 113,
          "column": 34
        }
      },
      "113": {
        "start": {
          "line": 114,
          "column": 0
        },
        "end": {
          "line": 114,
          "column": 27
        }
      },
      "114": {
        "start": {
          "line": 115,
          "column": 0
        },
        "end": {
          "line": 115,
          "column": 38
        }
      },
      "115": {
        "start": {
          "line": 116,
          "column": 0
        },
        "end": {
          "line": 116,
          "column": 57
        }
      },
      "116": {
        "start": {
          "line": 117,
          "column": 0
        },
        "end": {
          "line": 117,
          "column": 5
        }
      },
      "117": {
        "start": {
          "line": 118,
          "column": 0
        },
        "end": {
          "line": 118,
          "column": 83
        }
      },
      "118": {
        "start": {
          "line": 119,
          "column": 0
        },
        "end": {
          "line": 119,
          "column": 57
        }
      },
      "119": {
        "start": {
          "line": 120,
          "column": 0
        },
        "end": {
          "line": 120,
          "column": 27
        }
      },
      "120": {
        "start": {
          "line": 121,
          "column": 0
        },
        "end": {
          "line": 121,
          "column": 27
        }
      },
      "121": {
        "start": {
          "line": 122,
          "column": 0
        },
        "end": {
          "line": 122,
          "column": 51
        }
      },
      "122": {
        "start": {
          "line": 123,
          "column": 0
        },
        "end": {
          "line": 123,
          "column": 0
        }
      },
      "123": {
        "start": {
          "line": 124,
          "column": 0
        },
        "end": {
          "line": 124,
          "column": 47
        }
      },
      "124": {
        "start": {
          "line": 125,
          "column": 0
        },
        "end": {
          "line": 125,
          "column": 13
        }
      },
      "125": {
        "start": {
          "line": 126,
          "column": 0
        },
        "end": {
          "line": 126,
          "column": 15
        }
      },
      "126": {
        "start": {
          "line": 127,
          "column": 0
        },
        "end": {
          "line": 127,
          "column": 26
        }
      },
      "127": {
        "start": {
          "line": 128,
          "column": 0
        },
        "end": {
          "line": 128,
          "column": 24
        }
      },
      "128": {
        "start": {
          "line": 129,
          "column": 0
        },
        "end": {
          "line": 129,
          "column": 26
        }
      },
      "129": {
        "start": {
          "line": 130,
          "column": 0
        },
        "end": {
          "line": 130,
          "column": 25
        }
      },
      "130": {
        "start": {
          "line": 131,
          "column": 0
        },
        "end": {
          "line": 131,
          "column": 46
        }
      },
      "131": {
        "start": {
          "line": 132,
          "column": 0
        },
        "end": {
          "line": 132,
          "column": 33
        }
      },
      "132": {
        "start": {
          "line": 133,
          "column": 0
        },
        "end": {
          "line": 133,
          "column": 30
        }
      },
      "133": {
        "start": {
          "line": 134,
          "column": 0
        },
        "end": {
          "line": 134,
          "column": 37
        }
      },
      "134": {
        "start": {
          "line": 135,
          "column": 0
        },
        "end": {
          "line": 135,
          "column": 1
        }
      },
      "135": {
        "start": {
          "line": 136,
          "column": 0
        },
        "end": {
          "line": 136,
          "column": 0
        }
      },
      "136": {
        "start": {
          "line": 137,
          "column": 0
        },
        "end": {
          "line": 137,
          "column": 54
        }
      },
      "137": {
        "start": {
          "line": 138,
          "column": 0
        },
        "end": {
          "line": 138,
          "column": 20
        }
      },
      "138": {
        "start": {
          "line": 139,
          "column": 0
        },
        "end": {
          "line": 139,
          "column": 26
        }
      },
      "139": {
        "start": {
          "line": 140,
          "column": 0
        },
        "end": {
          "line": 140,
          "column": 19
        }
      },
      "140": {
        "start": {
          "line": 141,
          "column": 0
        },
        "end": {
          "line": 141,
          "column": 1
        }
      },
      "141": {
        "start": {
          "line": 142,
          "column": 0
        },
        "end": {
          "line": 142,
          "column": 0
        }
      },
      "142": {
        "start": {
          "line": 143,
          "column": 0
        },
        "end": {
          "line": 143,
          "column": 55
        }
      },
      "143": {
        "start": {
          "line": 144,
          "column": 0
        },
        "end": {
          "line": 144,
          "column": 13
        }
      },
      "144": {
        "start": {
          "line": 145,
          "column": 0
        },
        "end": {
          "line": 145,
          "column": 23
        }
      },
      "145": {
        "start": {
          "line": 146,
          "column": 0
        },
        "end": {
          "line": 146,
          "column": 68
        }
      },
      "146": {
        "start": {
          "line": 147,
          "column": 0
        },
        "end": {
          "line": 147,
          "column": 31
        }
      },
      "147": {
        "start": {
          "line": 148,
          "column": 0
        },
        "end": {
          "line": 148,
          "column": 37
        }
      },
      "148": {
        "start": {
          "line": 149,
          "column": 0
        },
        "end": {
          "line": 149,
          "column": 46
        }
      },
      "149": {
        "start": {
          "line": 150,
          "column": 0
        },
        "end": {
          "line": 150,
          "column": 42
        }
      },
      "150": {
        "start": {
          "line": 151,
          "column": 0
        },
        "end": {
          "line": 151,
          "column": 32
        }
      },
      "151": {
        "start": {
          "line": 152,
          "column": 0
        },
        "end": {
          "line": 152,
          "column": 19
        }
      },
      "152": {
        "start": {
          "line": 153,
          "column": 0
        },
        "end": {
          "line": 153,
          "column": 1
        }
      },
      "153": {
        "start": {
          "line": 154,
          "column": 0
        },
        "end": {
          "line": 154,
          "column": 0
        }
      },
      "154": {
        "start": {
          "line": 155,
          "column": 0
        },
        "end": {
          "line": 155,
          "column": 48
        }
      },
      "155": {
        "start": {
          "line": 156,
          "column": 0
        },
        "end": {
          "line": 156,
          "column": 13
        }
      },
      "156": {
        "start": {
          "line": 157,
          "column": 0
        },
        "end": {
          "line": 157,
          "column": 1
        }
      },
      "157": {
        "start": {
          "line": 158,
          "column": 0
        },
        "end": {
          "line": 158,
          "column": 0
        }
      },
      "158": {
        "start": {
          "line": 159,
          "column": 0
        },
        "end": {
          "line": 159,
          "column": 64
        }
      },
      "159": {
        "start": {
          "line": 160,
          "column": 0
        },
        "end": {
          "line": 160,
          "column": 13
        }
      },
      "160": {
        "start": {
          "line": 161,
          "column": 0
        },
        "end": {
          "line": 161,
          "column": 42
        }
      },
      "161": {
        "start": {
          "line": 162,
          "column": 0
        },
        "end": {
          "line": 162,
          "column": 15
        }
      },
      "162": {
        "start": {
          "line": 163,
          "column": 0
        },
        "end": {
          "line": 163,
          "column": 38
        }
      },
      "163": {
        "start": {
          "line": 164,
          "column": 0
        },
        "end": {
          "line": 164,
          "column": 0
        }
      },
      "164": {
        "start": {
          "line": 165,
          "column": 0
        },
        "end": {
          "line": 165,
          "column": 7
        }
      },
      "165": {
        "start": {
          "line": 166,
          "column": 0
        },
        "end": {
          "line": 166,
          "column": 32
        }
      },
      "166": {
        "start": {
          "line": 167,
          "column": 0
        },
        "end": {
          "line": 167,
          "column": 37
        }
      },
      "167": {
        "start": {
          "line": 168,
          "column": 0
        },
        "end": {
          "line": 168,
          "column": 33
        }
      },
      "168": {
        "start": {
          "line": 169,
          "column": 0
        },
        "end": {
          "line": 169,
          "column": 18
        }
      },
      "169": {
        "start": {
          "line": 170,
          "column": 0
        },
        "end": {
          "line": 170,
          "column": 19
        }
      },
      "170": {
        "start": {
          "line": 171,
          "column": 0
        },
        "end": {
          "line": 171,
          "column": 35
        }
      },
      "171": {
        "start": {
          "line": 172,
          "column": 0
        },
        "end": {
          "line": 172,
          "column": 16
        }
      },
      "172": {
        "start": {
          "line": 173,
          "column": 0
        },
        "end": {
          "line": 173,
          "column": 13
        }
      },
      "173": {
        "start": {
          "line": 174,
          "column": 0
        },
        "end": {
          "line": 174,
          "column": 21
        }
      },
      "174": {
        "start": {
          "line": 175,
          "column": 0
        },
        "end": {
          "line": 175,
          "column": 3
        }
      },
      "175": {
        "start": {
          "line": 176,
          "column": 0
        },
        "end": {
          "line": 176,
          "column": 1
        }
      },
      "176": {
        "start": {
          "line": 177,
          "column": 0
        },
        "end": {
          "line": 177,
          "column": 0
        }
      },
      "177": {
        "start": {
          "line": 178,
          "column": 0
        },
        "end": {
          "line": 178,
          "column": 48
        }
      },
      "178": {
        "start": {
          "line": 179,
          "column": 0
        },
        "end": {
          "line": 179,
          "column": 27
        }
      },
      "179": {
        "start": {
          "line": 180,
          "column": 0
        },
        "end": {
          "line": 180,
          "column": 52
        }
      },
      "180": {
        "start": {
          "line": 181,
          "column": 0
        },
        "end": {
          "line": 181,
          "column": 37
        }
      },
      "181": {
        "start": {
          "line": 182,
          "column": 0
        },
        "end": {
          "line": 182,
          "column": 57
        }
      },
      "182": {
        "start": {
          "line": 183,
          "column": 0
        },
        "end": {
          "line": 183,
          "column": 5
        }
      },
      "183": {
        "start": {
          "line": 184,
          "column": 0
        },
        "end": {
          "line": 184,
          "column": 45
        }
      },
      "184": {
        "start": {
          "line": 185,
          "column": 0
        },
        "end": {
          "line": 185,
          "column": 29
        }
      },
      "185": {
        "start": {
          "line": 186,
          "column": 0
        },
        "end": {
          "line": 186,
          "column": 26
        }
      },
      "186": {
        "start": {
          "line": 187,
          "column": 0
        },
        "end": {
          "line": 187,
          "column": 32
        }
      },
      "187": {
        "start": {
          "line": 188,
          "column": 0
        },
        "end": {
          "line": 188,
          "column": 31
        }
      },
      "188": {
        "start": {
          "line": 189,
          "column": 0
        },
        "end": {
          "line": 189,
          "column": 13
        }
      },
      "189": {
        "start": {
          "line": 190,
          "column": 0
        },
        "end": {
          "line": 190,
          "column": 6
        }
      },
      "190": {
        "start": {
          "line": 191,
          "column": 0
        },
        "end": {
          "line": 191,
          "column": 40
        }
      },
      "191": {
        "start": {
          "line": 192,
          "column": 0
        },
        "end": {
          "line": 192,
          "column": 4
        }
      },
      "192": {
        "start": {
          "line": 193,
          "column": 0
        },
        "end": {
          "line": 193,
          "column": 29
        }
      },
      "193": {
        "start": {
          "line": 194,
          "column": 0
        },
        "end": {
          "line": 194,
          "column": 0
        }
      },
      "194": {
        "start": {
          "line": 195,
          "column": 0
        },
        "end": {
          "line": 195,
          "column": 12
        }
      },
      "195": {
        "start": {
          "line": 196,
          "column": 0
        },
        "end": {
          "line": 196,
          "column": 7
        }
      },
      "196": {
        "start": {
          "line": 197,
          "column": 0
        },
        "end": {
          "line": 197,
          "column": 32
        }
      },
      "197": {
        "start": {
          "line": 198,
          "column": 0
        },
        "end": {
          "line": 198,
          "column": 43
        }
      },
      "198": {
        "start": {
          "line": 199,
          "column": 0
        },
        "end": {
          "line": 199,
          "column": 23
        }
      },
      "199": {
        "start": {
          "line": 200,
          "column": 0
        },
        "end": {
          "line": 200,
          "column": 7
        }
      },
      "200": {
        "start": {
          "line": 201,
          "column": 0
        },
        "end": {
          "line": 201,
          "column": 11
        }
      },
      "201": {
        "start": {
          "line": 202,
          "column": 0
        },
        "end": {
          "line": 202,
          "column": 1
        }
      },
      "202": {
        "start": {
          "line": 203,
          "column": 0
        },
        "end": {
          "line": 203,
          "column": 0
        }
      },
      "203": {
        "start": {
          "line": 204,
          "column": 0
        },
        "end": {
          "line": 204,
          "column": 55
        }
      },
      "204": {
        "start": {
          "line": 205,
          "column": 0
        },
        "end": {
          "line": 205,
          "column": 27
        }
      },
      "205": {
        "start": {
          "line": 206,
          "column": 0
        },
        "end": {
          "line": 206,
          "column": 9
        }
      },
      "206": {
        "start": {
          "line": 207,
          "column": 0
        },
        "end": {
          "line": 207,
          "column": 21
        }
      },
      "207": {
        "start": {
          "line": 208,
          "column": 0
        },
        "end": {
          "line": 208,
          "column": 24
        }
      },
      "208": {
        "start": {
          "line": 209,
          "column": 0
        },
        "end": {
          "line": 209,
          "column": 31
        }
      },
      "209": {
        "start": {
          "line": 210,
          "column": 0
        },
        "end": {
          "line": 210,
          "column": 34
        }
      },
      "210": {
        "start": {
          "line": 211,
          "column": 0
        },
        "end": {
          "line": 211,
          "column": 38
        }
      },
      "211": {
        "start": {
          "line": 212,
          "column": 0
        },
        "end": {
          "line": 212,
          "column": 21
        }
      },
      "212": {
        "start": {
          "line": 213,
          "column": 0
        },
        "end": {
          "line": 213,
          "column": 4
        }
      },
      "213": {
        "start": {
          "line": 214,
          "column": 0
        },
        "end": {
          "line": 214,
          "column": 11
        }
      },
      "214": {
        "start": {
          "line": 215,
          "column": 0
        },
        "end": {
          "line": 215,
          "column": 91
        }
      },
      "215": {
        "start": {
          "line": 216,
          "column": 0
        },
        "end": {
          "line": 216,
          "column": 27
        }
      },
      "216": {
        "start": {
          "line": 217,
          "column": 0
        },
        "end": {
          "line": 217,
          "column": 3
        }
      },
      "217": {
        "start": {
          "line": 218,
          "column": 0
        },
        "end": {
          "line": 218,
          "column": 51
        }
      },
      "218": {
        "start": {
          "line": 219,
          "column": 0
        },
        "end": {
          "line": 219,
          "column": 5
        }
      },
      "219": {
        "start": {
          "line": 220,
          "column": 0
        },
        "end": {
          "line": 220,
          "column": 72
        }
      },
      "220": {
        "start": {
          "line": 221,
          "column": 0
        },
        "end": {
          "line": 221,
          "column": 64
        }
      },
      "221": {
        "start": {
          "line": 222,
          "column": 0
        },
        "end": {
          "line": 222,
          "column": 34
        }
      },
      "222": {
        "start": {
          "line": 223,
          "column": 0
        },
        "end": {
          "line": 223,
          "column": 26
        }
      },
      "223": {
        "start": {
          "line": 224,
          "column": 0
        },
        "end": {
          "line": 224,
          "column": 19
        }
      },
      "224": {
        "start": {
          "line": 225,
          "column": 0
        },
        "end": {
          "line": 225,
          "column": 16
        }
      },
      "225": {
        "start": {
          "line": 226,
          "column": 0
        },
        "end": {
          "line": 226,
          "column": 6
        }
      },
      "226": {
        "start": {
          "line": 227,
          "column": 0
        },
        "end": {
          "line": 227,
          "column": 38
        }
      },
      "227": {
        "start": {
          "line": 228,
          "column": 0
        },
        "end": {
          "line": 228,
          "column": 4
        }
      },
      "228": {
        "start": {
          "line": 229,
          "column": 0
        },
        "end": {
          "line": 229,
          "column": 36
        }
      },
      "229": {
        "start": {
          "line": 230,
          "column": 0
        },
        "end": {
          "line": 230,
          "column": 0
        }
      },
      "230": {
        "start": {
          "line": 231,
          "column": 0
        },
        "end": {
          "line": 231,
          "column": 19
        }
      },
      "231": {
        "start": {
          "line": 232,
          "column": 0
        },
        "end": {
          "line": 232,
          "column": 35
        }
      },
      "232": {
        "start": {
          "line": 233,
          "column": 0
        },
        "end": {
          "line": 233,
          "column": 3
        }
      },
      "233": {
        "start": {
          "line": 234,
          "column": 0
        },
        "end": {
          "line": 234,
          "column": 0
        }
      },
      "234": {
        "start": {
          "line": 235,
          "column": 0
        },
        "end": {
          "line": 235,
          "column": 46
        }
      },
      "235": {
        "start": {
          "line": 236,
          "column": 0
        },
        "end": {
          "line": 236,
          "column": 51
        }
      },
      "236": {
        "start": {
          "line": 237,
          "column": 0
        },
        "end": {
          "line": 237,
          "column": 5
        }
      },
      "237": {
        "start": {
          "line": 238,
          "column": 0
        },
        "end": {
          "line": 238,
          "column": 36
        }
      },
      "238": {
        "start": {
          "line": 239,
          "column": 0
        },
        "end": {
          "line": 239,
          "column": 71
        }
      },
      "239": {
        "start": {
          "line": 240,
          "column": 0
        },
        "end": {
          "line": 240,
          "column": 83
        }
      },
      "240": {
        "start": {
          "line": 241,
          "column": 0
        },
        "end": {
          "line": 241,
          "column": 81
        }
      },
      "241": {
        "start": {
          "line": 242,
          "column": 0
        },
        "end": {
          "line": 242,
          "column": 103
        }
      },
      "242": {
        "start": {
          "line": 243,
          "column": 0
        },
        "end": {
          "line": 243,
          "column": 97
        }
      },
      "243": {
        "start": {
          "line": 244,
          "column": 0
        },
        "end": {
          "line": 244,
          "column": 42
        }
      },
      "244": {
        "start": {
          "line": 245,
          "column": 0
        },
        "end": {
          "line": 245,
          "column": 26
        }
      },
      "245": {
        "start": {
          "line": 246,
          "column": 0
        },
        "end": {
          "line": 246,
          "column": 24
        }
      },
      "246": {
        "start": {
          "line": 247,
          "column": 0
        },
        "end": {
          "line": 247,
          "column": 26
        }
      },
      "247": {
        "start": {
          "line": 248,
          "column": 0
        },
        "end": {
          "line": 248,
          "column": 19
        }
      },
      "248": {
        "start": {
          "line": 249,
          "column": 0
        },
        "end": {
          "line": 249,
          "column": 75
        }
      },
      "249": {
        "start": {
          "line": 250,
          "column": 0
        },
        "end": {
          "line": 250,
          "column": 64
        }
      },
      "250": {
        "start": {
          "line": 251,
          "column": 0
        },
        "end": {
          "line": 251,
          "column": 6
        }
      },
      "251": {
        "start": {
          "line": 252,
          "column": 0
        },
        "end": {
          "line": 252,
          "column": 5
        }
      },
      "252": {
        "start": {
          "line": 253,
          "column": 0
        },
        "end": {
          "line": 253,
          "column": 20
        }
      },
      "253": {
        "start": {
          "line": 254,
          "column": 0
        },
        "end": {
          "line": 254,
          "column": 23
        }
      },
      "254": {
        "start": {
          "line": 255,
          "column": 0
        },
        "end": {
          "line": 255,
          "column": 38
        }
      },
      "255": {
        "start": {
          "line": 256,
          "column": 0
        },
        "end": {
          "line": 256,
          "column": 32
        }
      },
      "256": {
        "start": {
          "line": 257,
          "column": 0
        },
        "end": {
          "line": 257,
          "column": 44
        }
      },
      "257": {
        "start": {
          "line": 258,
          "column": 0
        },
        "end": {
          "line": 258,
          "column": 38
        }
      },
      "258": {
        "start": {
          "line": 259,
          "column": 0
        },
        "end": {
          "line": 259,
          "column": 43
        }
      },
      "259": {
        "start": {
          "line": 260,
          "column": 0
        },
        "end": {
          "line": 260,
          "column": 37
        }
      },
      "260": {
        "start": {
          "line": 261,
          "column": 0
        },
        "end": {
          "line": 261,
          "column": 51
        }
      },
      "261": {
        "start": {
          "line": 262,
          "column": 0
        },
        "end": {
          "line": 262,
          "column": 45
        }
      },
      "262": {
        "start": {
          "line": 263,
          "column": 0
        },
        "end": {
          "line": 263,
          "column": 43
        }
      },
      "263": {
        "start": {
          "line": 264,
          "column": 0
        },
        "end": {
          "line": 264,
          "column": 37
        }
      },
      "264": {
        "start": {
          "line": 265,
          "column": 0
        },
        "end": {
          "line": 265,
          "column": 30
        }
      },
      "265": {
        "start": {
          "line": 266,
          "column": 0
        },
        "end": {
          "line": 266,
          "column": 22
        }
      },
      "266": {
        "start": {
          "line": 267,
          "column": 0
        },
        "end": {
          "line": 267,
          "column": 6
        }
      },
      "267": {
        "start": {
          "line": 268,
          "column": 0
        },
        "end": {
          "line": 268,
          "column": 4
        }
      },
      "268": {
        "start": {
          "line": 269,
          "column": 0
        },
        "end": {
          "line": 269,
          "column": 0
        }
      },
      "269": {
        "start": {
          "line": 270,
          "column": 0
        },
        "end": {
          "line": 270,
          "column": 10
        }
      },
      "270": {
        "start": {
          "line": 271,
          "column": 0
        },
        "end": {
          "line": 271,
          "column": 22
        }
      },
      "271": {
        "start": {
          "line": 272,
          "column": 0
        },
        "end": {
          "line": 272,
          "column": 11
        }
      },
      "272": {
        "start": {
          "line": 273,
          "column": 0
        },
        "end": {
          "line": 273,
          "column": 63
        }
      },
      "273": {
        "start": {
          "line": 274,
          "column": 0
        },
        "end": {
          "line": 274,
          "column": 4
        }
      },
      "274": {
        "start": {
          "line": 275,
          "column": 0
        },
        "end": {
          "line": 275,
          "column": 1
        }
      },
      "275": {
        "start": {
          "line": 276,
          "column": 0
        },
        "end": {
          "line": 276,
          "column": 0
        }
      },
      "276": {
        "start": {
          "line": 277,
          "column": 0
        },
        "end": {
          "line": 277,
          "column": 50
        }
      },
      "277": {
        "start": {
          "line": 278,
          "column": 0
        },
        "end": {
          "line": 278,
          "column": 17
        }
      },
      "278": {
        "start": {
          "line": 279,
          "column": 0
        },
        "end": {
          "line": 279,
          "column": 11
        }
      },
      "279": {
        "start": {
          "line": 280,
          "column": 0
        },
        "end": {
          "line": 280,
          "column": 75
        }
      },
      "280": {
        "start": {
          "line": 281,
          "column": 0
        },
        "end": {
          "line": 281,
          "column": 1
        }
      },
      "281": {
        "start": {
          "line": 282,
          "column": 0
        },
        "end": {
          "line": 282,
          "column": 0
        }
      },
      "282": {
        "start": {
          "line": 283,
          "column": 0
        },
        "end": {
          "line": 283,
          "column": 47
        }
      },
      "283": {
        "start": {
          "line": 284,
          "column": 0
        },
        "end": {
          "line": 284,
          "column": 27
        }
      },
      "284": {
        "start": {
          "line": 285,
          "column": 0
        },
        "end": {
          "line": 285,
          "column": 9
        }
      },
      "285": {
        "start": {
          "line": 286,
          "column": 0
        },
        "end": {
          "line": 286,
          "column": 21
        }
      },
      "286": {
        "start": {
          "line": 287,
          "column": 0
        },
        "end": {
          "line": 287,
          "column": 22
        }
      },
      "287": {
        "start": {
          "line": 288,
          "column": 0
        },
        "end": {
          "line": 288,
          "column": 25
        }
      },
      "288": {
        "start": {
          "line": 289,
          "column": 0
        },
        "end": {
          "line": 289,
          "column": 23
        }
      },
      "289": {
        "start": {
          "line": 290,
          "column": 0
        },
        "end": {
          "line": 290,
          "column": 27
        }
      },
      "290": {
        "start": {
          "line": 291,
          "column": 0
        },
        "end": {
          "line": 291,
          "column": 24
        }
      },
      "291": {
        "start": {
          "line": 292,
          "column": 0
        },
        "end": {
          "line": 292,
          "column": 14
        }
      },
      "292": {
        "start": {
          "line": 293,
          "column": 0
        },
        "end": {
          "line": 293,
          "column": 20
        }
      },
      "293": {
        "start": {
          "line": 294,
          "column": 0
        },
        "end": {
          "line": 294,
          "column": 4
        }
      },
      "294": {
        "start": {
          "line": 295,
          "column": 0
        },
        "end": {
          "line": 295,
          "column": 11
        }
      },
      "295": {
        "start": {
          "line": 296,
          "column": 0
        },
        "end": {
          "line": 296,
          "column": 52
        }
      },
      "296": {
        "start": {
          "line": 297,
          "column": 0
        },
        "end": {
          "line": 297,
          "column": 82
        }
      },
      "297": {
        "start": {
          "line": 298,
          "column": 0
        },
        "end": {
          "line": 298,
          "column": 5
        }
      },
      "298": {
        "start": {
          "line": 299,
          "column": 0
        },
        "end": {
          "line": 299,
          "column": 25
        }
      },
      "299": {
        "start": {
          "line": 300,
          "column": 0
        },
        "end": {
          "line": 300,
          "column": 34
        }
      },
      "300": {
        "start": {
          "line": 301,
          "column": 0
        },
        "end": {
          "line": 301,
          "column": 57
        }
      },
      "301": {
        "start": {
          "line": 302,
          "column": 0
        },
        "end": {
          "line": 302,
          "column": 5
        }
      },
      "302": {
        "start": {
          "line": 303,
          "column": 0
        },
        "end": {
          "line": 303,
          "column": 83
        }
      },
      "303": {
        "start": {
          "line": 304,
          "column": 0
        },
        "end": {
          "line": 304,
          "column": 56
        }
      },
      "304": {
        "start": {
          "line": 305,
          "column": 0
        },
        "end": {
          "line": 305,
          "column": 3
        }
      },
      "305": {
        "start": {
          "line": 306,
          "column": 0
        },
        "end": {
          "line": 306,
          "column": 60
        }
      },
      "306": {
        "start": {
          "line": 307,
          "column": 0
        },
        "end": {
          "line": 307,
          "column": 5
        }
      },
      "307": {
        "start": {
          "line": 308,
          "column": 0
        },
        "end": {
          "line": 308,
          "column": 39
        }
      },
      "308": {
        "start": {
          "line": 309,
          "column": 0
        },
        "end": {
          "line": 309,
          "column": 74
        }
      },
      "309": {
        "start": {
          "line": 310,
          "column": 0
        },
        "end": {
          "line": 310,
          "column": 66
        }
      },
      "310": {
        "start": {
          "line": 311,
          "column": 0
        },
        "end": {
          "line": 311,
          "column": 7
        }
      },
      "311": {
        "start": {
          "line": 312,
          "column": 0
        },
        "end": {
          "line": 312,
          "column": 66
        }
      },
      "312": {
        "start": {
          "line": 313,
          "column": 0
        },
        "end": {
          "line": 313,
          "column": 88
        }
      },
      "313": {
        "start": {
          "line": 314,
          "column": 0
        },
        "end": {
          "line": 314,
          "column": 16
        }
      },
      "314": {
        "start": {
          "line": 315,
          "column": 0
        },
        "end": {
          "line": 315,
          "column": 87
        }
      },
      "315": {
        "start": {
          "line": 316,
          "column": 0
        },
        "end": {
          "line": 316,
          "column": 63
        }
      },
      "316": {
        "start": {
          "line": 317,
          "column": 0
        },
        "end": {
[...]
      "105": 10,
      "106": 10,
      "107": 7
    },
    "branchMap": {
      "0": {
        "type": "branch",
        "line": 1,
        "loc": {
          "start": {
            "line": 1,
            "column": 0
          },
          "end": {
            "line": 108,
            "column": 1
          }
        },
        "locations": [
          {
            "start": {
              "line": 1,
              "column": 0
            },
            "end": {
              "line": 108,
              "column": 1
            }
          }
        ]
      },
      "1": {
        "type": "branch",
        "line": 54,
        "loc": {
          "start": {
            "line": 54,
            "column": 66
          },
          "end": {
            "line": 108,
            "column": 1
          }
        },
        "locations": [
          {
            "start": {
              "line": 54,
              "column": 66
            },
            "end": {
              "line": 108,
              "column": 1
            }
          }
        ]
      },
      "2": {
        "type": "branch",
        "line": 63,
        "loc": {
          "start": {
            "line": 63,
            "column": 2
          },
          "end": {
            "line": 71,
            "column": 3
          }
        },
        "locations": [
          {
            "start": {
              "line": 63,
              "column": 2
            },
            "end": {
              "line": 71,
              "column": 3
            }
          }
        ]
      },
      "3": {
        "type": "branch",
        "line": 73,
        "loc": {
          "start": {
            "line": 73,
            "column": 2
          },
          "end": {
            "line": 98,
            "column": 3
          }
        },
        "locations": [
          {
            "start": {
              "line": 73,
              "column": 2
            },
            "end": {
              "line": 98,
              "column": 3
            }
          }
        ]
      },
      "4": {
        "type": "branch",
        "line": 80,
        "loc": {
          "start": {
            "line": 80,
            "column": 31
          },
          "end": {
            "line": 80,
            "column": 80
          }
        },
        "locations": [
          {
            "start": {
              "line": 80,
              "column": 31
            },
            "end": {
              "line": 80,
              "column": 80
            }
          }
        ]
      },
      "5": {
        "type": "branch",
        "line": 80,
        "loc": {
          "start": {
            "line": 80,
            "column": 82
          },
          "end": {
            "line": 83,
            "column": 5
          }
        },
        "locations": [
          {
            "start": {
              "line": 80,
              "column": 82
            },
            "end": {
              "line": 83,
              "column": 5
            }
          }
        ]
      },
      "6": {
        "type": "branch",
        "line": 83,
        "loc": {
          "start": {
            "line": 83,
            "column": 5
          },
          "end": {
            "line": 86,
            "column": 5
          }
        },
        "locations": [
          {
            "start": {
              "line": 83,
              "column": 5
            },
            "end": {
              "line": 86,
              "column": 5
            }
          }
        ]
      },
      "7": {
        "type": "branch",
        "line": 89,
        "loc": {
          "start": {
            "line": 89,
            "column": 28
          },
          "end": {
            "line": 98,
            "column": 2
          }
        },
        "locations": [
          {
            "start": {
              "line": 89,
              "column": 28
            },
            "end": {
              "line": 98,
              "column": 2
            }
          }
        ]
      },
      "8": {
        "type": "branch",
        "line": 100,
        "loc": {
          "start": {
            "line": 100,
            "column": 10
          },
          "end": {
            "line": 107,
            "column": 3
          }
        },
        "locations": [
          {
            "start": {
              "line": 100,
              "column": 10
            },
            "end": {
              "line": 107,
              "column": 3
            }
          }
        ]
      }
    },
    "b": {
      "0": [
        1
      ],
      "1": [
        7
      ],
      "2": [
        7
      ],
      "3": [
        10
      ],
      "4": [
        4
      ],
      "5": [
        3
      ],
      "6": [
        7
      ],
      "7": [
        5
      ],
      "8": [
        10
      ]
    },
    "fnMap": {
      "0": {
        "name": "check",
        "decl": {
          "start": {
            "line": 44,
            "column": 2
          },
          "end": {
            "line": 46,
            "column": 3
          }
        },
        "loc": {
          "start": {
            "line": 44,
            "column": 2
          },
          "end": {
            "line": 46,
            "column": 3
          }
        },
        "line": 44
      },
      "1": {
        "name": "<instance_members_initializer>",
        "decl": {
          "start": {
            "line": 54,
            "column": 66
          },
          "end": {
            "line": 108,
            "column": 1
          }
        },
        "loc": {
          "start": {
            "line": 54,
            "column": 66
          },
          "end": {
            "line": 108,
            "column": 1
          }
        },
        "line": 54
      },
      "2": {
        "name": "FixtureFixedWindowRateLimiter",
        "decl": {
          "start": {
            "line": 63,
            "column": 2
          },
          "end": {
            "line": 71,
            "column": 3
          }
        },
        "loc": {
          "start": {
            "line": 63,
            "column": 2
          },
          "end": {
            "line": 71,
            "column": 3
          }
        },
        "line": 63
      },
      "3": {
        "name": "clock",
        "decl": {
          "start": {
            "line": 66,
            "column": 26
          },
          "end": {
            "line": 66,
            "column": 42
          }
        },
        "loc": {
          "start": {
            "line": 66,
            "column": 26
          },
          "end": {
            "line": 66,
            "column": 42
          }
        },
        "line": 66
      },
      "4": {
        "name": "check",
        "decl": {
          "start": {
            "line": 73,
            "column": 2
          },
          "end": {
            "line": 98,
            "column": 3
          }
        },
        "loc": {
          "start": {
            "line": 73,
            "column": 2
          },
          "end": {
            "line": 98,
            "column": 3
          }
        },
        "line": 73
      },
      "5": {
        "name": "scopeKey",
        "decl": {
          "start": {
            "line": 100,
            "column": 10
          },
          "end": {
            "line": 107,
            "column": 3
          }
        },
        "loc": {
          "start": {
            "line": 100,
            "column": 10
          },
          "end": {
            "line": 107,
            "column": 3
          }
        },
        "line": 100
      }
    },
    "f": {
      "0": 0,
      "1": 7,
      "2": 7,
      "3": 0,
      "4": 10,
      "5": 10
    }
  },
  "lib/shared/canonical-json.ts": {
    "path": "lib/shared/canonical-json.ts",
    "all": false,
    "statementMap": {
      "0": {
        "start": {
          "line": 1,
          "column": 0
        },
        "end": {
          "line": 1,
          "column": 79
        }
      },
      "1": {
        "start": {
          "line": 2,
          "column": 0
        },
        "end": {
          "line": 2,
          "column": 76
        }
      },
      "2": {
        "start": {
          "line": 3,
          "column": 0
        },
        "end": {
          "line": 3,
          "column": 76
        }
      },
      "3": {
        "start": {
          "line": 4,
          "column": 0
        },
        "end": {
          "line": 4,
          "column": 65
        }
      },
      "4": {
        "start": {
          "line": 5,
          "column": 0
        },
        "end": {
          "line": 5,
          "column": 2
        }
      },
      "5": {
        "start": {
          "line": 6,
          "column": 0
        },
        "end": {
          "line": 6,
          "column": 85
        }
      },
      "6": {
        "start": {
          "line": 7,
          "column": 0
        },
        "end": {
          "line": 7,
          "column": 83
        }
      },
      "7": {
        "start": {
          "line": 8,
          "column": 0
        },
        "end": {
          "line": 8,
          "column": 73
        }
      },
      "8": {
        "start": {
          "line": 9,
          "column": 0
        },
        "end": {
          "line": 9,
          "column": 0
        }
      },
      "9": {
        "start": {
          "line": 10,
          "column": 0
        },
        "end": {
          "line": 10,
          "column": 81
        }
      },
      "10": {
        "start": {
          "line": 11,
          "column": 0
        },
        "end": {
          "line": 11,
          "column": 10
        }
      },
      "11": {
        "start": {
          "line": 12,
          "column": 0
        },
        "end": {
          "line": 12,
          "column": 32
        }
      },
      "12": {
        "start": {
          "line": 13,
          "column": 0
        },
        "end": {
          "line": 13,
          "column": 21
        }
      },
      "13": {
        "start": {
          "line": 14,
          "column": 0
        },
        "end": {
          "line": 14,
          "column": 28
        }
      },
      "14": {
        "start": {
          "line": 15,
          "column": 0
        },
        "end": {
          "line": 15,
          "column": 53
        }
      },
      "15": {
        "start": {
          "line": 16,
          "column": 0
        },
        "end": {
          "line": 16,
          "column": 4
        }
      },
      "16": {
        "start": {
          "line": 17,
          "column": 0
        },
        "end": {
          "line": 17,
          "column": 1
        }
      },
      "17": {
        "start": {
          "line": 18,
          "column": 0
        },
        "end": {
          "line": 18,
          "column": 0
        }
      },
      "18": {
        "start": {
          "line": 19,
          "column": 0
        },
        "end": {
          "line": 19,
          "column": 57
        }
      },
      "19": {
        "start": {
          "line": 20,
          "column": 0
        },
        "end": {
          "line": 20,
          "column": 29
        }
      },
      "20": {
        "start": {
          "line": 21,
          "column": 0
        },
        "end": {
          "line": 21,
          "column": 55
        }
      },
      "21": {
        "start": {
          "line": 22,
          "column": 0
        },
        "end": {
          "line": 22,
          "column": 3
        }
      },
      "22": {
        "start": {
          "line": 23,
          "column": 0
        },
        "end": {
          "line": 23,
          "column": 0
        }
      },
      "23": {
        "start": {
          "line": 24,
          "column": 0
        },
        "end": {
          "line": 24,
          "column": 29
        }
      },
      "24": {
        "start": {
          "line": 25,
          "column": 0
        },
        "end": {
          "line": 25,
          "column": 33
        }
      },
      "25": {
        "start": {
          "line": 26,
          "column": 0
        },
        "end": {
          "line": 26,
          "column": 13
        }
      },
      "26": {
        "start": {
          "line": 27,
          "column": 0
        },
        "end": {
          "line": 27,
          "column": 76
        }
      },
      "27": {
        "start": {
          "line": 28,
          "column": 0
        },
        "end": {
          "line": 28,
          "column": 20
        }
      },
      "28": {
        "start": {
          "line": 29,
          "column": 0
        },
        "end": {
          "line": 29,
          "column": 3
        }
      },
      "29": {
        "start": {
          "line": 30,
          "column": 0
        },
        "end": {
          "line": 30,
          "column": 0
        }
      },
      "30": {
        "start": {
          "line": 31,
          "column": 0
        },
        "end": {
          "line": 31,
          "column": 31
        }
      },
      "31": {
        "start": {
          "line": 32,
          "column": 0
        },
        "end": {
          "line": 32,
          "column": 1
        }
      }
    },
    "s": {
      "0": 5,
      "1": 5,
      "2": 5,
      "3": 5,
      "4": 5,
      "5": 5,
      "6": 5,
      "7": 5,
      "8": 5,
      "9": 5,
      "10": 296,
      "11": 296,
      "12": 296,
      "13": 296,
      "14": 74,
      "15": 296,
      "16": 296,
      "17": 5,
      "18": 5,
      "19": 296,
      "20": 0,
      "21": 0,
      "22": 296,
      "23": 296,
      "24": 74,
      "25": 74,
      "26": 74,
      "27": 74,
      "28": 74,
      "29": 222,
      "30": 222,
      "31": 296
    },
    "branchMap": {
      "0": {
        "type": "branch",
        "line": 1,
        "loc": {
          "start": {
            "line": 1,
            "column": 0
          },
          "end": {
            "line": 32,
            "column": 1
          }
        },
        "locations": [
          {
            "start": {
              "line": 1,
              "column": 0
            },
            "end": {
              "line": 32,
              "column": 1
            }
          }
        ]
      },
      "1": {
        "type": "branch",
        "line": 10,
        "loc": {
          "start": {
            "line": 10,
            "column": 7
          },
          "end": {
            "line": 17,
            "column": 1
          }
        },
        "locations": [
          {
            "start": {
              "line": 10,
              "column": 7
            },
            "end": {
              "line": 17,
              "column": 1
            }
          }
        ]
      },
      "2": {
        "type": "branch",
        "line": 12,
        "loc": {
          "start": {
            "line": 12,
            "column": 30
          },
          "end": {
            "line": 13,
            "column": 18
          }
        },
        "locations": [
          {
            "start": {
              "line": 12,
              "column": 30
            },
            "end": {
              "line": 13,
              "column": 18
            }
          }
        ]
      },
      "3": {
        "type": "branch",
        "line": 13,
        "loc": {
          "start": {
            "line": 13,
            "column": 19
          },
          "end": {
            "line": 14,
            "column": 25
          }
        },
        "locations": [
          {
            "start": {
              "line": 13,
              "column": 19
            },
            "end": {
              "line": 14,
              "column": 25
            }
          }
        ]
      },
      "4": {
        "type": "branch",
        "line": 14,
        "loc": {
          "start": {
            "line": 14,
            "column": 26
          },
          "end": {
            "line": 15,
            "column": 53
          }
        },
        "locations": [
          {
            "start": {
              "line": 14,
              "column": 26
            },
            "end": {
              "line": 15,
              "column": 53
            }
          }
        ]
      },
      "5": {
        "type": "branch",
        "line": 19,
        "loc": {
          "start": {
            "line": 19,
            "column": 7
          },
          "end": {
            "line": 32,
            "column": 1
          }
        },
        "locations": [
          {
            "start": {
              "line": 19,
              "column": 7
            },
            "end": {
              "line": 32,
              "column": 1
            }
          }
        ]
      },
      "6": {
        "type": "branch",
        "line": 20,
        "loc": {
          "start": {
            "line": 20,
            "column": 28
          },
          "end": {
            "line": 22,
            "column": 3
          }
        },
        "locations": [
          {
            "start": {
              "line": 20,
              "column": 28
            },
            "end": {
              "line": 22,
              "column": 3
            }
          }
        ]
      },
      "7": {
        "type": "branch",
        "line": 24,
        "loc": {
          "start": {
            "line": 24,
            "column": 28
          },
          "end": {
            "line": 29,
            "column": 3
          }
        },
        "locations": [
          {
            "start": {
              "line": 24,
              "column": 28
            },
            "end": {
              "line": 29,
              "column": 3
            }
          }
        ]
      },
      "8": {
        "type": "branch",
        "line": 30,
        "loc": {
          "start": {
            "line": 30,
            "column": 0
          },
          "end": {
            "line": 32,
            "column": 0
          }
        },
        "locations": [
          {
            "start": {
              "line": 30,
              "column": 0
            },
            "end": {
              "line": 32,
              "column": 0
            }
          }
        ]
      },
      "9": {
        "type": "branch",
        "line": 27,
        "loc": {
          "start": {
            "line": 27,
            "column": 11
          },
          "end": {
            "line": 27,
            "column": 75
          }
        },
        "locations": [
          {
            "start": {
              "line": 27,
              "column": 11
            },
            "end": {
              "line": 27,
              "column": 75
            }
          }
        ]
      }
    },
    "b": {
      "0": [
        5
      ],
      "1": [
        296
      ],
      "2": [
        74
      ],
      "3": [
        74
      ],
      "4": [
        74
      ],
      "5": [
        296
      ],
      "6": [
        0
      ],
      "7": [
        74
      ],
      "8": [
        222
      ],
      "9": [
        259
      ]
    },
    "fnMap": {
      "0": {
        "name": "isPlainObject",
        "decl": {
          "start": {
            "line": 10,
            "column": 7
          },
          "end": {
            "line": 17,
            "column": 1
          }
        },
        "loc": {
          "start": {
            "line": 10,
            "column": 7
          },
          "end": {
            "line": 17,
            "column": 1
          }
        },
        "line": 10
      },
      "1": {
        "name": "stableStringify",
        "decl": {
          "start": {
            "line": 19,
            "column": 7
          },
          "end": {
            "line": 32,
            "column": 1
          }
        },
        "loc": {
          "start": {
            "line": 19,
            "column": 7
          },
          "end": {
            "line": 32,
            "column": 1
          }
        },
        "line": 19
      }
    },
    "f": {
      "0": 296,
      "1": 296
    }
  }
}
